Using pre-set license
Built from '2020.3/staging' branch; Version is '2020.3.17f1 (a4537701e4ab) revision 10769271'; Using compiler version '192528614'; Build Type 'Release'
OS: 'Windows 10 Home; OS build 19044.1826; Version 2009; 64bit' Language: 'en' Physical Memory: 16166 MB
BatchMode: 1, IsHumanControllingUs: 0, StartBugReporterOnCrash: 0, Is64bit: 1, IsPro: 0

COMMAND LINE ARGUMENTS:
C:\Program Files\Unity\2020.3.17f1\Editor\Unity.exe
-adb2
-batchMode
-noUpm
-name
AssetImportWorker0
-projectPath
C:/Users/justi/Desktop/projecten/StoryScopeStack/#Projects/StoryScopeSilhouette
-logFile
Logs/AssetImportWorker0.log
-srvPort
12809
Successfully changed project path to: C:/Users/justi/Desktop/projecten/StoryScopeStack/#Projects/StoryScopeSilhouette
C:/Users/justi/Desktop/projecten/StoryScopeStack/#Projects/StoryScopeSilhouette
Using Asset Import Pipeline V2.
Refreshing native plugins compatible for Editor in 98.58 ms, found 3 plugins.
Preloading 0 native plugins for Editor in 0.00 ms.
Initialize engine version: 2020.3.17f1 (a4537701e4ab)
[Subsystems] Discovering subsystems at path C:/Program Files/Unity/2020.3.17f1/Editor/Data/Resources/UnitySubsystems
[Subsystems] Discovering subsystems at path C:/Users/justi/Desktop/projecten/StoryScopeStack/#Projects/StoryScopeSilhouette/Assets
GfxDevice: creating device client; threaded=0
Direct3D:
    Version:  Direct3D 11.0 [level 11.1]
    Renderer: NVIDIA GeForce RTX 2070 with Max-Q Design (ID=0x1f14)
    Vendor:   
    VRAM:     8031 MB
    Driver:   30.0.15.1278
Initialize mono
Mono path[0] = 'C:/Program Files/Unity/2020.3.17f1/Editor/Data/Managed'
Mono path[1] = 'C:/Program Files/Unity/2020.3.17f1/Editor/Data/MonoBleedingEdge/lib/mono/unityjit'
Mono config path = 'C:/Program Files/Unity/2020.3.17f1/Editor/Data/MonoBleedingEdge/etc'
Using monoOptions --debugger-agent=transport=dt_socket,embedding=1,server=y,suspend=n,address=127.0.0.1:56300
Begin MonoManager ReloadAssembly
Registering precompiled unity dll's ...
Register platform support module: C:/Program Files/Unity/2020.3.17f1/Editor/Data/PlaybackEngines/WebGLSupport/UnityEditor.WebGL.Extensions.dll
Register platform support module: C:/Program Files/Unity/2020.3.17f1/Editor/Data/PlaybackEngines/MacStandaloneSupport/UnityEditor.OSXStandalone.Extensions.dll
Register platform support module: C:/Program Files/Unity/2020.3.17f1/Editor/Data/PlaybackEngines/WindowsStandaloneSupport/UnityEditor.WindowsStandalone.Extensions.dll
Register platform support module: C:/Program Files/Unity/2020.3.17f1/Editor/Data/PlaybackEngines/LinuxStandaloneSupport/UnityEditor.LinuxStandalone.Extensions.dll
Registered in 0.004061 seconds.
Native extension for LinuxStandalone target not found
Native extension for WindowsStandalone target not found
Native extension for OSXStandalone target not found
Native extension for WebGL target not found
Refreshing native plugins compatible for Editor in 77.90 ms, found 3 plugins.
Preloading 0 native plugins for Editor in 0.00 ms.
Mono: successfully reloaded assembly
- Completed reload, in  2.230 seconds
Domain Reload Profiling:
	ReloadAssembly (2230ms)
		BeginReloadAssembly (60ms)
			ExecutionOrderSort (0ms)
			DisableScriptedObjects (0ms)
			BackupInstance (0ms)
			ReleaseScriptingObjects (0ms)
			CreateAndSetChildDomain (1ms)
		EndReloadAssembly (496ms)
			LoadAssemblies (57ms)
			RebuildTransferFunctionScriptingTraits (0ms)
			SetupTypeCache (161ms)
			ReleaseScriptCaches (0ms)
			RebuildScriptCaches (33ms)
			SetupLoadedEditorAssemblies (218ms)
				LogAssemblyErrors (0ms)
				InitializePlatformSupportModulesInManaged (7ms)
				SetLoadedEditorAssemblies (0ms)
				RefreshPlugins (78ms)
				BeforeProcessingInitializeOnLoad (18ms)
				ProcessInitializeOnLoadAttributes (86ms)
				ProcessInitializeOnLoadMethodAttributes (29ms)
				AfterProcessingInitializeOnLoad (0ms)
				EditorAssembliesLoaded (0ms)
			ExecutionOrderSort2 (0ms)
			AwakeInstancesAfterBackupRestoration (0ms)
Platform modules already initialized, skipping
Registering precompiled user dll's ...
Registered in 0.011911 seconds.
Begin MonoManager ReloadAssembly
Native extension for LinuxStandalone target not found
Native extension for WindowsStandalone target not found
Native extension for OSXStandalone target not found
Native extension for WebGL target not found
Refreshing native plugins compatible for Editor in 81.33 ms, found 3 plugins.
Preloading 0 native plugins for Editor in 0.00 ms.
Mono: successfully reloaded assembly
- Completed reload, in  2.284 seconds
Domain Reload Profiling:
	ReloadAssembly (2285ms)
		BeginReloadAssembly (156ms)
			ExecutionOrderSort (0ms)
			DisableScriptedObjects (5ms)
			BackupInstance (0ms)
			ReleaseScriptingObjects (0ms)
			CreateAndSetChildDomain (18ms)
		EndReloadAssembly (2057ms)
			LoadAssemblies (118ms)
			RebuildTransferFunctionScriptingTraits (0ms)
			SetupTypeCache (380ms)
			ReleaseScriptCaches (1ms)
			RebuildScriptCaches (76ms)
			SetupLoadedEditorAssemblies (1334ms)
				LogAssemblyErrors (0ms)
				InitializePlatformSupportModulesInManaged (15ms)
				SetLoadedEditorAssemblies (0ms)
				RefreshPlugins (81ms)
				BeforeProcessingInitializeOnLoad (136ms)
				ProcessInitializeOnLoadAttributes (1074ms)
				ProcessInitializeOnLoadMethodAttributes (18ms)
				AfterProcessingInitializeOnLoad (8ms)
				EditorAssembliesLoaded (0ms)
			ExecutionOrderSort2 (0ms)
			AwakeInstancesAfterBackupRestoration (7ms)
Platform modules already initialized, skipping
========================================================================
Worker process is ready to serve import requests
Launched and connected shader compiler UnityShaderCompiler.exe after 0.04 seconds
Refreshing native plugins compatible for Editor in 0.78 ms, found 3 plugins.
Preloading 0 native plugins for Editor in 0.00 ms.
Unloading 3718 Unused Serialized files (Serialized files now loaded: 0)
System memory in use before: 196.0 MB.
System memory in use after: 196.3 MB.

Unloading 39 unused Assets to reduce memory usage. Loaded Objects now: 4193.
Total: 5.651100 ms (FindLiveObjects: 0.474600 ms CreateObjectMapping: 0.255300 ms MarkObjects: 4.883100 ms  DeleteObjects: 0.036600 ms)

AssetImportParameters requested are different than current active one (requested -> active):
  custom:framework-win-MediaFoundation: 216162199b28c13a410421893ffa2e32 -> 
  custom:video-decoder-ogg-theora: a1e56fd34408186e4bbccfd4996cb3dc -> 
  custom:container-muxer-webm: aa71ff27fc2769a1b78a27578f13a17b -> 
  custom:container-demuxer-webm: 4f35f7cbe854078d1ac9338744f61a02 -> 
  custom:container-demuxer-ogg: 62fdf1f143b41e24485cea50d1cbac27 -> 
  custom:video-encoder-webm-vp8: eb34c28f22e8b96e1ab97ce403110664 -> 
  custom:video-codec-MediaFoundation-h265: 746d11721c4dcdbdad8f713fa42b33f4 -> 
  custom:video-decoder-webm-vp8: 9c59270c3fd7afecdb556c50c9e8de78 -> 
  custom:audio-decoder-ogg-vorbis: bf7c407c2cedff20999df2af8eb42d56 -> 
  custom:audio-encoder-webm-vorbis: bf7c407c2cedff20999df2af8eb42d56 -> 
========================================================================
Received Import Request.
  path: Assets/Resources/SpritesNormal/animals_elephant_snail_bird-01-01 1.png
  artifactKey: Guid(87815e351213a0c41b41fe0eb0446846) Importer(815301076,1909f56bfc062723c751e8b465ee728b)
Start importing Assets/Resources/SpritesNormal/animals_elephant_snail_bird-01-01 1.png using Guid(87815e351213a0c41b41fe0eb0446846) Importer(815301076,1909f56bfc062723c751e8b465ee728b)  -> (artifact id: '305b38242652b80c25acc4edc0236779') in 0.247070 seconds 
  Import took 0.254394 seconds .

========================================================================
Received Import Request.
  Time since last request: 17.365262 seconds.
  path: Assets/Resources/SpritesNormal/Moutnainu.png
  artifactKey: Guid(87815e351213a0c41b41fe0eb0446846) Importer(815301076,1909f56bfc062723c751e8b465ee728b)
Start importing Assets/Resources/SpritesNormal/Moutnainu.png using Guid(87815e351213a0c41b41fe0eb0446846) Importer(815301076,1909f56bfc062723c751e8b465ee728b)  -> (artifact id: 'c0638d56769935871582163882cc6f08') in 0.129064 seconds 
  Import took 0.137346 seconds .

========================================================================
Received Import Request.
  Time since last request: 5.998000 seconds.
  path: Assets/Resources/SpritesNormal/animals_elephant_snail_bird-01-01 1.png
  artifactKey: Guid(e1a78b8b20e394043966b3a503e6900f) Importer(815301076,1909f56bfc062723c751e8b465ee728b)
Start importing Assets/Resources/SpritesNormal/animals_elephant_snail_bird-01-01 1.png using Guid(e1a78b8b20e394043966b3a503e6900f) Importer(815301076,1909f56bfc062723c751e8b465ee728b)  -> (artifact id: 'd11cd7db744140d25a2775c546788dc4') in 0.127252 seconds 
  Import took 0.135581 seconds .

========================================================================
Received Import Request.
  Time since last request: 150.517046 seconds.
  path: Assets/Resources/Prefabs/Planet.prefab
  artifactKey: Guid(6d614edc983898c4e8a69982e96badc8) Importer(815301076,1909f56bfc062723c751e8b465ee728b)
Start importing Assets/Resources/Prefabs/Planet.prefab using Guid(6d614edc983898c4e8a69982e96badc8) Importer(815301076,1909f56bfc062723c751e8b465ee728b)  -> (artifact id: '6c22ef659d20f0945e2dcb8bfb5cbba2') in 0.033572 seconds 
  Import took 0.052548 seconds .

========================================================================
Received Import Request.
  Time since last request: 0.000377 seconds.
  path: Assets/Resources/Prefabs/Sun.prefab
  artifactKey: Guid(d288c99178c9ddb44ab9df3291c8015d) Importer(815301076,1909f56bfc062723c751e8b465ee728b)
Start importing Assets/Resources/Prefabs/Sun.prefab using Guid(d288c99178c9ddb44ab9df3291c8015d) Importer(815301076,1909f56bfc062723c751e8b465ee728b)  -> (artifact id: 'bf1e9a29ebbfdba8d5977d008b4b2807') in 0.013109 seconds 
  Import took 0.020214 seconds .

========================================================================
Received Import Request.
  Time since last request: 0.000365 seconds.
  path: Assets/Resources/Prefabs/Sonic.prefab
  artifactKey: Guid(8744ffaf26b36784dabbc80ce3b030f5) Importer(815301076,1909f56bfc062723c751e8b465ee728b)
Start importing Assets/Resources/Prefabs/Sonic.prefab using Guid(8744ffaf26b36784dabbc80ce3b030f5) Importer(815301076,1909f56bfc062723c751e8b465ee728b)  -> (artifact id: 'a7f9a9bbc693a4d659abd03ca356e67b') in 0.208758 seconds 
  Import took 0.216912 seconds .

========================================================================
Received Import Request.
  Time since last request: 0.000403 seconds.
  path: Assets/Resources/Prefabs/Rooster.prefab
  artifactKey: Guid(ea5e3f877f4e39343a4441a0136fc75b) Importer(815301076,1909f56bfc062723c751e8b465ee728b)
Start importing Assets/Resources/Prefabs/Rooster.prefab using Guid(ea5e3f877f4e39343a4441a0136fc75b) Importer(815301076,1909f56bfc062723c751e8b465ee728b)  -> (artifact id: 'fd993bdbc0ec816f93a57d40212a591a') in 0.018676 seconds 
  Import took 0.026491 seconds .

========================================================================
Received Import Request.
  Time since last request: 0.000363 seconds.
  path: Assets/Resources/Prefabs/PlantVase.prefab
  artifactKey: Guid(fd012526c1894ac4386a2f793f1e5324) Importer(815301076,1909f56bfc062723c751e8b465ee728b)
Start importing Assets/Resources/Prefabs/PlantVase.prefab using Guid(fd012526c1894ac4386a2f793f1e5324) Importer(815301076,1909f56bfc062723c751e8b465ee728b)  -> (artifact id: '757464f7f783de7fa5e5b5a73c81bc9c') in 0.024411 seconds 
  Import took 0.032126 seconds .

========================================================================
Received Import Request.
  Time since last request: 0.000230 seconds.
  path: Assets/Resources/Prefabs/TallGuy.prefab
  artifactKey: Guid(78b74fd16e4934647a2ba8de56436244) Importer(815301076,1909f56bfc062723c751e8b465ee728b)
Start importing Assets/Resources/Prefabs/TallGuy.prefab using Guid(78b74fd16e4934647a2ba8de56436244) Importer(815301076,1909f56bfc062723c751e8b465ee728b)  -> (artifact id: '96e4f859c3ea87e45c2e0b528f841543') in 0.019460 seconds 
  Import took 0.026968 seconds .

========================================================================
Received Import Request.
  Time since last request: 0.000299 seconds.
  path: Assets/Resources/Prefabs/Woman.prefab
  artifactKey: Guid(b213e500c1229454da9b8f4df46c3b81) Importer(815301076,1909f56bfc062723c751e8b465ee728b)
Start importing Assets/Resources/Prefabs/Woman.prefab using Guid(b213e500c1229454da9b8f4df46c3b81) Importer(815301076,1909f56bfc062723c751e8b465ee728b)  -> (artifact id: '2769d42f2d7a9a8349710bac27baa5cf') in 0.016187 seconds 
  Import took 0.023711 seconds .

========================================================================
Received Import Request.
  Time since last request: 0.000311 seconds.
  path: Assets/Resources/Prefabs/Tree.prefab
  artifactKey: Guid(0bbf0982cadd15f42b453c8951eef857) Importer(815301076,1909f56bfc062723c751e8b465ee728b)
Start importing Assets/Resources/Prefabs/Tree.prefab using Guid(0bbf0982cadd15f42b453c8951eef857) Importer(815301076,1909f56bfc062723c751e8b465ee728b)  -> (artifact id: '8ad7cb73a4a276417865ab3a2e8c0ca2') in 0.014506 seconds 
  Import took 0.021422 seconds .

AssetImportWorkerClient::OnTransportError - code=2 error=End of file
